<?xml version="1.0" encoding="UTF-8"?>
<coverage generated="1676453479674" clover="3.2.0">
  <project timestamp="1676453479674" name="All files">
    <metrics statements="10" coveredstatements="10" conditionals="0" coveredconditionals="0" methods="5" coveredmethods="5" elements="15" coveredelements="15" complexity="0" loc="10" ncloc="10" packages="1" files="2" classes="2"/>
    <file name="index.js" path="D:\Altcampus\adv javascript\DOM\Jest\TA-JS-advanced-dom-and-test-TJaaan\block-BJaajc\code\index.js">
      <metrics statements="8" coveredstatements="8" conditionals="0" coveredconditionals="0" methods="4" coveredmethods="4"/>
      <line num="2" count="3" type="stmt"/>
      <line num="3" count="3" type="stmt"/>
      <line num="7" count="1" type="stmt"/>
      <line num="8" count="1" type="stmt"/>
      <line num="9" count="1" type="stmt"/>
      <line num="14" count="1" type="stmt"/>
      <line num="18" count="1" type="stmt"/>
      <line num="21" count="1" type="stmt"/>
    </file>
    <file name="sum.js" path="D:\Altcampus\adv javascript\DOM\Jest\TA-JS-advanced-dom-and-test-TJaaan\block-BJaajc\code\sum.js">
      <metrics statements="2" coveredstatements="2" conditionals="0" coveredconditionals="0" methods="1" coveredmethods="1"/>
      <line num="2" count="1" type="stmt"/>
      <line num="4" count="1" type="stmt"/>
    </file>
  </project>
</coverage>
